#
# There is insufficient memory for the Java Runtime Environment to continue.
# Native memory allocation (malloc) failed to allocate 131088 bytes for Chunk::new
# Possible reasons:
#   The system is out of physical RAM or swap space
#   The process is running with CompressedOops enabled, and the Java Heap may be blocking the growth of the native heap
# Possible solutions:
#   Reduce memory load on the system
#   Increase physical memory or swap space
#   Check if swap backing store is full
#   Decrease Java heap size (-Xmx/-Xms)
#   Decrease number of Java threads
#   Decrease Java thread stack sizes (-Xss)
#   Set larger code cache with -XX:ReservedCodeCacheSize=
#   JVM is running with Unscaled Compressed Oops mode in which the Java heap is
#     placed in the first 4GB address space. The Java Heap base address is the
#     maximum limit for the native heap growth. Please use -XX:HeapBaseMinAddress
#     to set the Java Heap base and to place the Java Heap above 4GB virtual address.
# This output file may be truncated or incomplete.
#
#  Out of Memory Error (./open/src/hotspot/share/memory/arena.cpp:195), pid=24784, tid=19036
#
# JRE version: Java(TM) SE Runtime Environment (15.0.1+9) (build 15.0.1+9-18)
# Java VM: Java HotSpot(TM) 64-Bit Server VM (15.0.1+9-18, mixed mode, sharing, tiered, compressed oops, g1 gc, windows-amd64)
# No core dump will be written. Minidumps are not enabled by default on client versions of Windows
#

---------------  S U M M A R Y ------------

Command Line: -Dant.home=C:\apps\apache-ant-1.10.9\bin\.. org.apache.tools.ant.launch.Launcher gas

Host: Intel(R) Core(TM) i5-8265U CPU @ 1.60GHz, 8 cores, 7G,  Windows 10 , 64 bit Build 19041 (10.0.19041.1023)
Time: Sun Jul 11 01:09:07 2021 Malay Peninsula Standard Time elapsed time: 5.923580 seconds (0d 0h 0m 5s)

---------------  T H R E A D  ---------------

Current thread (0x000001c8dc1e7370):  JavaThread "C2 CompilerThread0" daemon [_thread_in_native, id=19036, stack(0x0000008180200000,0x0000008180300000)]


Current CompileTask:
C2:   5923 3487   !   4       lombok.javac.JavacAST::drill (146 bytes)

Stack: [0x0000008180200000,0x0000008180300000]
Native frames: (J=compiled Java code, j=interpreted, Vv=VM code, C=native code)
V  [jvm.dll+0x62ae9a]
V  [jvm.dll+0x781389]
V  [jvm.dll+0x782ae3]
V  [jvm.dll+0x783143]
V  [jvm.dll+0x216265]
V  [jvm.dll+0x97efa]
V  [jvm.dll+0x9806d]
V  [jvm.dll+0x609ad4]
V  [jvm.dll+0x540bc0]
V  [jvm.dll+0x1f2c14]
V  [jvm.dll+0x1ec3b7]
V  [jvm.dll+0x1e97a7]
V  [jvm.dll+0x1784c7]
V  [jvm.dll+0x1f9165]
V  [jvm.dll+0x1f720c]
V  [jvm.dll+0x74485d]
V  [jvm.dll+0x73d65a]
V  [jvm.dll+0x629c56]
C  [ucrtbase.dll+0x21bb2]
C  [KERNEL32.DLL+0x17034]
C  [ntdll.dll+0x52651]


---------------  P R O C E S S  ---------------

Threads class SMR info:
_java_thread_list=0x000001c8df78aae0, length=13, elements={
0x000001c8bd700ad0, 0x000001c8dc1baf60, 0x000001c8dc1bc2d0, 0x000001c8dc1d7e70,
0x000001c8dc1db940, 0x000001c8dc1defd0, 0x000001c8dc1e7370, 0x000001c8dc1e8f20,
0x000001c8dc1e9a10, 0x000001c8dcc13af0, 0x000001c8dcc28c20, 0x000001c8dd2d4570,
0x000001c8de3de380
}

Java Threads: ( => current thread )
  0x000001c8bd700ad0 JavaThread "main" [_thread_in_native, id=8012, stack(0x00000081ff600000,0x00000081ff700000)]
  0x000001c8dc1baf60 JavaThread "Reference Handler" daemon [_thread_blocked, id=20644, stack(0x00000081ffd00000,0x00000081ffe00000)]
  0x000001c8dc1bc2d0 JavaThread "Finalizer" daemon [_thread_blocked, id=5492, stack(0x00000081ffe00000,0x00000081fff00000)]
  0x000001c8dc1d7e70 JavaThread "Signal Dispatcher" daemon [_thread_blocked, id=23248, stack(0x00000081fff00000,0x0000008200000000)]
  0x000001c8dc1db940 JavaThread "Attach Listener" daemon [_thread_blocked, id=14892, stack(0x0000008180000000,0x0000008180100000)]
  0x000001c8dc1defd0 JavaThread "Service Thread" daemon [_thread_blocked, id=420, stack(0x0000008180100000,0x0000008180200000)]
=>0x000001c8dc1e7370 JavaThread "C2 CompilerThread0" daemon [_thread_in_native, id=19036, stack(0x0000008180200000,0x0000008180300000)]
  0x000001c8dc1e8f20 JavaThread "C1 CompilerThread0" daemon [_thread_blocked, id=4372, stack(0x0000008180300000,0x0000008180400000)]
  0x000001c8dc1e9a10 JavaThread "Sweeper thread" daemon [_thread_blocked, id=24684, stack(0x0000008180400000,0x0000008180500000)]
  0x000001c8dcc13af0 JavaThread "Notification Thread" daemon [_thread_blocked, id=11076, stack(0x0000008180500000,0x0000008180600000)]
  0x000001c8dcc28c20 JavaThread "Common-Cleaner" daemon [_thread_blocked, id=21516, stack(0x0000008180700000,0x0000008180800000)]
  0x000001c8dd2d4570 JavaThread "Keep-Alive-Timer" daemon [_thread_blocked, id=21256, stack(0x0000008180800000,0x0000008180900000)]
  0x000001c8de3de380 JavaThread "C2 CompilerThread1" daemon [_thread_in_native, id=3744, stack(0x0000008180b00000,0x0000008180c00000)]

Other Threads:
  0x000001c8dc1b8f40 VMThread "VM Thread" [stack: 0x00000081ffc00000,0x00000081ffd00000] [id=17532]
  0x000001c8dcc31400 WatcherThread [stack: 0x0000008180600000,0x0000008180700000] [id=14976]
  0x000001c8bd740530 GCTaskThread "GC Thread#0" [stack: 0x00000081ff700000,0x00000081ff800000] [id=22352]
  0x000001c8dcf086e0 GCTaskThread "GC Thread#1" [stack: 0x0000008180900000,0x0000008180a00000] [id=6876]
  0x000001c8dcf0a060 GCTaskThread "GC Thread#2" [stack: 0x0000008180a00000,0x0000008180b00000] [id=19008]
  0x000001c8bd751200 ConcurrentGCThread "G1 Main Marker" [stack: 0x00000081ff800000,0x00000081ff900000] [id=18468]
  0x000001c8bd752590 ConcurrentGCThread "G1 Conc#0" [stack: 0x00000081ff900000,0x00000081ffa00000] [id=14264]
  0x000001c8bd7da8f0 ConcurrentGCThread "G1 Refine#0" [stack: 0x00000081ffa00000,0x00000081ffb00000] [id=5624]
  0x000001c8bd7db4f0 ConcurrentGCThread "G1 Young RemSet Sampling" [stack: 0x00000081ffb00000,0x00000081ffc00000] [id=4536]

Threads with active compile tasks:
C2 CompilerThread0     5976 3487   !   4       lombok.javac.JavacAST::drill (146 bytes)
C2 CompilerThread1     5976 3482       4       lombok.core.AST::buildWithField (21 bytes)

VM state: not at safepoint (normal execution)

VM Mutex/Monitor currently owned by a thread: None

Heap address: 0x0000000082400000, size: 2012 MB, Compressed Oops mode: 32-bit
CDS archive(s) mapped at: [0x0000000800000000-0x0000000800b50000-0x0000000800b50000), size 11862016, SharedBaseAddress: 0x0000000800000000, ArchiveRelocationMode: 0.
Compressed class space mapped at: 0x0000000800b50000-0x0000000840b50000, size: 1073741824
Narrow klass base: 0x0000000800000000, Narrow klass shift: 3, Narrow klass range: 0x100000000

GC Precious Log:
 CPUs: 8 total, 8 available
 Memory: 8043M
 Large Page Support: Disabled
 NUMA Support: Disabled
 Compressed Oops: Enabled (32-bit)
 Heap Region Size: 1M
 Heap Min Capacity: 8M
 Heap Initial Capacity: 126M
 Heap Max Capacity: 2012M
 Pre-touch: Disabled
 Parallel Workers: 8
 Concurrent Workers: 2
 Concurrent Refinement Workers: 8
 Periodic GC: Disabled

Heap:
 garbage-first heap   total 129024K, used 32286K [0x0000000082400000, 0x0000000100000000)
  region size 1024K, 24 young (24576K), 4 survivors (4096K)
 Metaspace       used 18140K, capacity 18596K, committed 18816K, reserved 1067008K
  class space    used 1948K, capacity 2087K, committed 2176K, reserved 1048576K

Heap Regions: E=young(eden), S=young(survivor), O=old, HS=humongous(starts), HC=humongous(continues), CS=collection set, F=free, OA=open archive, CA=closed archive, TAMS=top-at-mark-start (previous, next)
|   0|0x0000000082400000, 0x0000000082500000, 0x0000000082500000|100%| O|  |TAMS 0x0000000082400000, 0x0000000082400000| Untracked 
|   1|0x0000000082500000, 0x0000000082600000, 0x0000000082600000|100%| O|  |TAMS 0x0000000082500000, 0x0000000082500000| Untracked 
|   2|0x0000000082600000, 0x0000000082700000, 0x0000000082700000|100%| O|  |TAMS 0x0000000082600000, 0x0000000082600000| Untracked 
|   3|0x0000000082700000, 0x0000000082800000, 0x0000000082800000|100%| O|  |TAMS 0x0000000082700000, 0x0000000082700000| Untracked 
|   4|0x0000000082800000, 0x0000000082900000, 0x0000000082900000|100%| O|  |TAMS 0x0000000082800000, 0x0000000082800000| Untracked 
|   5|0x0000000082900000, 0x0000000082a00000, 0x0000000082a00000|100%| O|  |TAMS 0x0000000082900000, 0x0000000082900000| Untracked 
|   6|0x0000000082a00000, 0x0000000082b00000, 0x0000000082b00000|100%| O|  |TAMS 0x0000000082a00000, 0x0000000082a00000| Untracked 
|   7|0x0000000082b00000, 0x0000000082c00000, 0x0000000082c00000|100%| O|  |TAMS 0x0000000082b00000, 0x0000000082b00000| Untracked 
|   8|0x0000000082c00000, 0x0000000082d00000, 0x0000000082d00000|100%| O|  |TAMS 0x0000000082c00000, 0x0000000082c00000| Untracked 
|   9|0x0000000082d00000, 0x0000000082d89400, 0x0000000082e00000| 53%| O|  |TAMS 0x0000000082d00000, 0x0000000082d00000| Untracked 
|  10|0x0000000082e00000, 0x0000000082e00000, 0x0000000082f00000|  0%| F|  |TAMS 0x0000000082e00000, 0x0000000082e00000| Untracked 
|  11|0x0000000082f00000, 0x0000000082f00000, 0x0000000083000000|  0%| F|  |TAMS 0x0000000082f00000, 0x0000000082f00000| Untracked 
|  12|0x0000000083000000, 0x0000000083000000, 0x0000000083100000|  0%| F|  |TAMS 0x0000000083000000, 0x0000000083000000| Untracked 
|  13|0x0000000083100000, 0x0000000083100000, 0x0000000083200000|  0%| F|  |TAMS 0x0000000083100000, 0x0000000083100000| Untracked 
|  14|0x0000000083200000, 0x0000000083200000, 0x0000000083300000|  0%| F|  |TAMS 0x0000000083200000, 0x0000000083200000| Untracked 
|  15|0x0000000083300000, 0x0000000083300000, 0x0000000083400000|  0%| F|  |TAMS 0x0000000083300000, 0x0000000083300000| Untracked 
|  16|0x0000000083400000, 0x0000000083400000, 0x0000000083500000|  0%| F|  |TAMS 0x0000000083400000, 0x0000000083400000| Untracked 
|  17|0x0000000083500000, 0x0000000083500000, 0x0000000083600000|  0%| F|  |TAMS 0x0000000083500000, 0x0000000083500000| Untracked 
|  18|0x0000000083600000, 0x0000000083600000, 0x0000000083700000|  0%| F|  |TAMS 0x0000000083600000, 0x0000000083600000| Untracked 
|  19|0x0000000083700000, 0x0000000083700000, 0x0000000083800000|  0%| F|  |TAMS 0x0000000083700000, 0x0000000083700000| Untracked 
|  20|0x0000000083800000, 0x0000000083800000, 0x0000000083900000|  0%| F|  |TAMS 0x0000000083800000, 0x0000000083800000| Untracked 
|  21|0x0000000083900000, 0x0000000083900000, 0x0000000083a00000|  0%| F|  |TAMS 0x0000000083900000, 0x0000000083900000| Untracked 
|  22|0x0000000083a00000, 0x0000000083a00000, 0x0000000083b00000|  0%| F|  |TAMS 0x0000000083a00000, 0x0000000083a00000| Untracked 
|  23|0x0000000083b00000, 0x0000000083b00000, 0x0000000083c00000|  0%| F|  |TAMS 0x0000000083b00000, 0x0000000083b00000| Untracked 
|  24|0x0000000083c00000, 0x0000000083c00000, 0x0000000083d00000|  0%| F|  |TAMS 0x0000000083c00000, 0x0000000083c00000| Untracked 
|  25|0x0000000083d00000, 0x0000000083d00000, 0x0000000083e00000|  0%| F|  |TAMS 0x0000000083d00000, 0x0000000083d00000| Untracked 
|  26|0x0000000083e00000, 0x0000000083e00000, 0x0000000083f00000|  0%| F|  |TAMS 0x0000000083e00000, 0x0000000083e00000| Untracked 
|  27|0x0000000083f00000, 0x0000000083f00000, 0x0000000084000000|  0%| F|  |TAMS 0x0000000083f00000, 0x0000000083f00000| Untracked 
|  28|0x0000000084000000, 0x0000000084000000, 0x0000000084100000|  0%| F|  |TAMS 0x0000000084000000, 0x0000000084000000| Untracked 
|  29|0x0000000084100000, 0x0000000084100000, 0x0000000084200000|  0%| F|  |TAMS 0x0000000084100000, 0x0000000084100000| Untracked 
|  30|0x0000000084200000, 0x0000000084200000, 0x0000000084300000|  0%| F|  |TAMS 0x0000000084200000, 0x0000000084200000| Untracked 
|  31|0x0000000084300000, 0x0000000084300000, 0x0000000084400000|  0%| F|  |TAMS 0x0000000084300000, 0x0000000084300000| Untracked 
|  32|0x0000000084400000, 0x0000000084400000, 0x0000000084500000|  0%| F|  |TAMS 0x0000000084400000, 0x0000000084400000| Untracked 
|  33|0x0000000084500000, 0x0000000084500000, 0x0000000084600000|  0%| F|  |TAMS 0x0000000084500000, 0x0000000084500000| Untracked 
|  34|0x0000000084600000, 0x0000000084600000, 0x0000000084700000|  0%| F|  |TAMS 0x0000000084600000, 0x0000000084600000| Untracked 
|  35|0x0000000084700000, 0x0000000084700000, 0x0000000084800000|  0%| F|  |TAMS 0x0000000084700000, 0x0000000084700000| Untracked 
|  36|0x0000000084800000, 0x0000000084800000, 0x0000000084900000|  0%| F|  |TAMS 0x0000000084800000, 0x0000000084800000| Untracked 
|  37|0x0000000084900000, 0x0000000084900000, 0x0000000084a00000|  0%| F|  |TAMS 0x0000000084900000, 0x0000000084900000| Untracked 
|  38|0x0000000084a00000, 0x0000000084a00000, 0x0000000084b00000|  0%| F|  |TAMS 0x0000000084a00000, 0x0000000084a00000| Untracked 
|  39|0x0000000084b00000, 0x0000000084b00000, 0x0000000084c00000|  0%| F|  |TAMS 0x0000000084b00000, 0x0000000084b00000| Untracked 
|  40|0x0000000084c00000, 0x0000000084c00000, 0x0000000084d00000|  0%| F|  |TAMS 0x0000000084c00000, 0x0000000084c00000| Untracked 
|  41|0x0000000084d00000, 0x0000000084d00000, 0x0000000084e00000|  0%| F|  |TAMS 0x0000000084d00000, 0x0000000084d00000| Untracked 
|  42|0x0000000084e00000, 0x0000000084e00000, 0x0000000084f00000|  0%| F|  |TAMS 0x0000000084e00000, 0x0000000084e00000| Untracked 
|  43|0x0000000084f00000, 0x0000000084f00000, 0x0000000085000000|  0%| F|  |TAMS 0x0000000084f00000, 0x0000000084f00000| Untracked 
|  44|0x0000000085000000, 0x0000000085000000, 0x0000000085100000|  0%| F|  |TAMS 0x0000000085000000, 0x0000000085000000| Untracked 
|  45|0x0000000085100000, 0x0000000085100000, 0x0000000085200000|  0%| F|  |TAMS 0x0000000085100000, 0x0000000085100000| Untracked 
|  46|0x0000000085200000, 0x0000000085200000, 0x0000000085300000|  0%| F|  |TAMS 0x0000000085200000, 0x0000000085200000| Untracked 
|  47|0x0000000085300000, 0x0000000085300000, 0x0000000085400000|  0%| F|  |TAMS 0x0000000085300000, 0x0000000085300000| Untracked 
|  48|0x0000000085400000, 0x0000000085400000, 0x0000000085500000|  0%| F|  |TAMS 0x0000000085400000, 0x0000000085400000| Untracked 
|  49|0x0000000085500000, 0x0000000085500000, 0x0000000085600000|  0%| F|  |TAMS 0x0000000085500000, 0x0000000085500000| Untracked 
|  50|0x0000000085600000, 0x0000000085600000, 0x0000000085700000|  0%| F|  |TAMS 0x0000000085600000, 0x0000000085600000| Untracked 
|  51|0x0000000085700000, 0x0000000085700000, 0x0000000085800000|  0%| F|  |TAMS 0x0000000085700000, 0x0000000085700000| Untracked 
|  52|0x0000000085800000, 0x0000000085800000, 0x0000000085900000|  0%| F|  |TAMS 0x0000000085800000, 0x0000000085800000| Untracked 
|  53|0x0000000085900000, 0x0000000085900000, 0x0000000085a00000|  0%| F|  |TAMS 0x0000000085900000, 0x0000000085900000| Untracked 
|  54|0x0000000085a00000, 0x0000000085a00000, 0x0000000085b00000|  0%| F|  |TAMS 0x0000000085a00000, 0x0000000085a00000| Untracked 
|  55|0x0000000085b00000, 0x0000000085b00000, 0x0000000085c00000|  0%| F|  |TAMS 0x0000000085b00000, 0x0000000085b00000| Untracked 
|  56|0x0000000085c00000, 0x0000000085c00000, 0x0000000085d00000|  0%| F|  |TAMS 0x0000000085c00000, 0x0000000085c00000| Untracked 
|  57|0x0000000085d00000, 0x0000000085d00000, 0x0000000085e00000|  0%| F|  |TAMS 0x0000000085d00000, 0x0000000085d00000| Untracked 
|  58|0x0000000085e00000, 0x0000000085e00000, 0x0000000085f00000|  0%| F|  |TAMS 0x0000000085e00000, 0x0000000085e00000| Untracked 
|  59|0x0000000085f00000, 0x0000000085f00000, 0x0000000086000000|  0%| F|  |TAMS 0x0000000085f00000, 0x0000000085f00000| Untracked 
|  60|0x0000000086000000, 0x0000000086000000, 0x0000000086100000|  0%| F|  |TAMS 0x0000000086000000, 0x0000000086000000| Untracked 
|  61|0x0000000086100000, 0x0000000086100000, 0x0000000086200000|  0%| F|  |TAMS 0x0000000086100000, 0x0000000086100000| Untracked 
|  62|0x0000000086200000, 0x0000000086200000, 0x0000000086300000|  0%| F|  |TAMS 0x0000000086200000, 0x0000000086200000| Untracked 
|  63|0x0000000086300000, 0x0000000086300000, 0x0000000086400000|  0%| F|  |TAMS 0x0000000086300000, 0x0000000086300000| Untracked 
|  64|0x0000000086400000, 0x0000000086400000, 0x0000000086500000|  0%| F|  |TAMS 0x0000000086400000, 0x0000000086400000| Untracked 
|  65|0x0000000086500000, 0x0000000086500000, 0x0000000086600000|  0%| F|  |TAMS 0x0000000086500000, 0x0000000086500000| Untracked 
|  66|0x0000000086600000, 0x0000000086600000, 0x0000000086700000|  0%| F|  |TAMS 0x0000000086600000, 0x0000000086600000| Untracked 
|  67|0x0000000086700000, 0x0000000086700000, 0x0000000086800000|  0%| F|  |TAMS 0x0000000086700000, 0x0000000086700000| Untracked 
|  68|0x0000000086800000, 0x0000000086800000, 0x0000000086900000|  0%| F|  |TAMS 0x0000000086800000, 0x0000000086800000| Untracked 
|  69|0x0000000086900000, 0x0000000086900000, 0x0000000086a00000|  0%| F|  |TAMS 0x0000000086900000, 0x0000000086900000| Untracked 
|  70|0x0000000086a00000, 0x0000000086a00000, 0x0000000086b00000|  0%| F|  |TAMS 0x0000000086a00000, 0x0000000086a00000| Untracked 
|  71|0x0000000086b00000, 0x0000000086b00000, 0x0000000086c00000|  0%| F|  |TAMS 0x0000000086b00000, 0x0000000086b00000| Untracked 
|  72|0x0000000086c00000, 0x0000000086c00000, 0x0000000086d00000|  0%| F|  |TAMS 0x0000000086c00000, 0x0000000086c00000| Untracked 
|  73|0x0000000086d00000, 0x0000000086d00000, 0x0000000086e00000|  0%| F|  |TAMS 0x0000000086d00000, 0x0000000086d00000| Untracked 
|  74|0x0000000086e00000, 0x0000000086e00000, 0x0000000086f00000|  0%| F|  |TAMS 0x0000000086e00000, 0x0000000086e00000| Untracked 
|  75|0x0000000086f00000, 0x0000000086f00000, 0x0000000087000000|  0%| F|  |TAMS 0x0000000086f00000, 0x0000000086f00000| Untracked 
|  76|0x0000000087000000, 0x0000000087000000, 0x0000000087100000|  0%| F|  |TAMS 0x0000000087000000, 0x0000000087000000| Untracked 
|  77|0x0000000087100000, 0x0000000087100000, 0x0000000087200000|  0%| F|  |TAMS 0x0000000087100000, 0x0000000087100000| Untracked 
|  78|0x0000000087200000, 0x00000000872fe580, 0x0000000087300000| 99%| S|CS|TAMS 0x0000000087200000, 0x0000000087200000| Complete 
|  79|0x0000000087300000, 0x0000000087400000, 0x0000000087400000|100%| S|CS|TAMS 0x0000000087300000, 0x0000000087300000| Complete 
|  80|0x0000000087400000, 0x0000000087500000, 0x0000000087500000|100%| S|CS|TAMS 0x0000000087400000, 0x0000000087400000| Complete 
|  81|0x0000000087500000, 0x0000000087600000, 0x0000000087600000|100%| S|CS|TAMS 0x0000000087500000, 0x0000000087500000| Complete 
|  82|0x0000000087600000, 0x0000000087600000, 0x0000000087700000|  0%| F|  |TAMS 0x0000000087600000, 0x0000000087600000| Untracked 
|  83|0x0000000087700000, 0x0000000087700000, 0x0000000087800000|  0%| F|  |TAMS 0x0000000087700000, 0x0000000087700000| Untracked 
|  84|0x0000000087800000, 0x0000000087800000, 0x0000000087900000|  0%| F|  |TAMS 0x0000000087800000, 0x0000000087800000| Untracked 
|  85|0x0000000087900000, 0x0000000087900000, 0x0000000087a00000|  0%| F|  |TAMS 0x0000000087900000, 0x0000000087900000| Untracked 
|  86|0x0000000087a00000, 0x0000000087a00000, 0x0000000087b00000|  0%| F|  |TAMS 0x0000000087a00000, 0x0000000087a00000| Untracked 
|  87|0x0000000087b00000, 0x0000000087b00000, 0x0000000087c00000|  0%| F|  |TAMS 0x0000000087b00000, 0x0000000087b00000| Untracked 
|  88|0x0000000087c00000, 0x0000000087c00000, 0x0000000087d00000|  0%| F|  |TAMS 0x0000000087c00000, 0x0000000087c00000| Untracked 
|  89|0x0000000087d00000, 0x0000000087d00000, 0x0000000087e00000|  0%| F|  |TAMS 0x0000000087d00000, 0x0000000087d00000| Untracked 
|  90|0x0000000087e00000, 0x0000000087e00000, 0x0000000087f00000|  0%| F|  |TAMS 0x0000000087e00000, 0x0000000087e00000| Untracked 
|  91|0x0000000087f00000, 0x0000000087f00000, 0x0000000088000000|  0%| F|  |TAMS 0x0000000087f00000, 0x0000000087f00000| Untracked 
|  92|0x0000000088000000, 0x0000000088000000, 0x0000000088100000|  0%| F|  |TAMS 0x0000000088000000, 0x0000000088000000| Untracked 
|  93|0x0000000088100000, 0x0000000088100000, 0x0000000088200000|  0%| F|  |TAMS 0x0000000088100000, 0x0000000088100000| Untracked 
|  94|0x0000000088200000, 0x0000000088200000, 0x0000000088300000|  0%| F|  |TAMS 0x0000000088200000, 0x0000000088200000| Untracked 
|  95|0x0000000088300000, 0x0000000088300000, 0x0000000088400000|  0%| F|  |TAMS 0x0000000088300000, 0x0000000088300000| Untracked 
|  96|0x0000000088400000, 0x0000000088400000, 0x0000000088500000|  0%| F|  |TAMS 0x0000000088400000, 0x0000000088400000| Untracked 
|  97|0x0000000088500000, 0x0000000088500000, 0x0000000088600000|  0%| F|  |TAMS 0x0000000088500000, 0x0000000088500000| Untracked 
|  98|0x0000000088600000, 0x0000000088600000, 0x0000000088700000|  0%| F|  |TAMS 0x0000000088600000, 0x0000000088600000| Untracked 
|  99|0x0000000088700000, 0x0000000088700000, 0x0000000088800000|  0%| F|  |TAMS 0x0000000088700000, 0x0000000088700000| Untracked 
| 100|0x0000000088800000, 0x0000000088800000, 0x0000000088900000|  0%| F|  |TAMS 0x0000000088800000, 0x0000000088800000| Untracked 
| 101|0x0000000088900000, 0x0000000088900000, 0x0000000088a00000|  0%| F|  |TAMS 0x0000000088900000, 0x0000000088900000| Untracked 
| 102|0x0000000088a00000, 0x0000000088a00000, 0x0000000088b00000|  0%| F|  |TAMS 0x0000000088a00000, 0x0000000088a00000| Untracked 
| 103|0x0000000088b00000, 0x0000000088b00000, 0x0000000088c00000|  0%| F|  |TAMS 0x0000000088b00000, 0x0000000088b00000| Untracked 
| 104|0x0000000088c00000, 0x0000000088c00000, 0x0000000088d00000|  0%| F|  |TAMS 0x0000000088c00000, 0x0000000088c00000| Untracked 
| 105|0x0000000088d00000, 0x0000000088d80800, 0x0000000088e00000| 50%| E|  |TAMS 0x0000000088d00000, 0x0000000088d00000| Complete 
| 106|0x0000000088e00000, 0x0000000088f00000, 0x0000000088f00000|100%| E|CS|TAMS 0x0000000088e00000, 0x0000000088e00000| Complete 
| 107|0x0000000088f00000, 0x0000000089000000, 0x0000000089000000|100%| E|CS|TAMS 0x0000000088f00000, 0x0000000088f00000| Complete 
| 108|0x0000000089000000, 0x0000000089100000, 0x0000000089100000|100%| E|CS|TAMS 0x0000000089000000, 0x0000000089000000| Complete 
| 109|0x0000000089100000, 0x0000000089200000, 0x0000000089200000|100%| E|CS|TAMS 0x0000000089100000, 0x0000000089100000| Complete 
| 110|0x0000000089200000, 0x0000000089300000, 0x0000000089300000|100%| E|  |TAMS 0x0000000089200000, 0x0000000089200000| Complete 
| 111|0x0000000089300000, 0x0000000089400000, 0x0000000089400000|100%| E|CS|TAMS 0x0000000089300000, 0x0000000089300000| Complete 
| 112|0x0000000089400000, 0x0000000089500000, 0x0000000089500000|100%| E|CS|TAMS 0x0000000089400000, 0x0000000089400000| Complete 
| 113|0x0000000089500000, 0x0000000089600000, 0x0000000089600000|100%| E|CS|TAMS 0x0000000089500000, 0x0000000089500000| Complete 
| 114|0x0000000089600000, 0x0000000089700000, 0x0000000089700000|100%| E|CS|TAMS 0x0000000089600000, 0x0000000089600000| Complete 
| 115|0x0000000089700000, 0x0000000089800000, 0x0000000089800000|100%| E|CS|TAMS 0x0000000089700000, 0x0000000089700000| Complete 
| 116|0x0000000089800000, 0x0000000089900000, 0x0000000089900000|100%| E|CS|TAMS 0x0000000089800000, 0x0000000089800000| Complete 
| 117|0x0000000089900000, 0x0000000089a00000, 0x0000000089a00000|100%| E|CS|TAMS 0x0000000089900000, 0x0000000089900000| Complete 
| 118|0x0000000089a00000, 0x0000000089b00000, 0x0000000089b00000|100%| E|CS|TAMS 0x0000000089a00000, 0x0000000089a00000| Complete 
| 119|0x0000000089b00000, 0x0000000089c00000, 0x0000000089c00000|100%| E|CS|TAMS 0x0000000089b00000, 0x0000000089b00000| Complete 
| 120|0x0000000089c00000, 0x0000000089d00000, 0x0000000089d00000|100%| E|CS|TAMS 0x0000000089c00000, 0x0000000089c00000| Complete 
| 121|0x0000000089d00000, 0x0000000089e00000, 0x0000000089e00000|100%| E|CS|TAMS 0x0000000089d00000, 0x0000000089d00000| Complete 
| 122|0x0000000089e00000, 0x0000000089f00000, 0x0000000089f00000|100%| E|CS|TAMS 0x0000000089e00000, 0x0000000089e00000| Complete 
| 123|0x0000000089f00000, 0x000000008a000000, 0x000000008a000000|100%| E|CS|TAMS 0x0000000089f00000, 0x0000000089f00000| Complete 
| 124|0x000000008a000000, 0x000000008a100000, 0x000000008a100000|100%| E|CS|TAMS 0x000000008a000000, 0x000000008a000000| Complete 
| 125|0x000000008a100000, 0x000000008a200000, 0x000000008a200000|100%| E|CS|TAMS 0x000000008a100000, 0x000000008a100000| Complete 

Card table byte_map: [0x000001c8d5060000,0x000001c8d5450000] _byte_map_base: 0x000001c8d4c4e000

Marking Bits (Prev, Next): (CMBitMap*) 0x000001c8bd740d20, (CMBitMap*) 0x000001c8bd740d60
 Prev Bits: [0x000001c8d5840000, 0x000001c8d77b0000)
 Next Bits: [0x000001c8d77b0000, 0x000001c8d9720000)

Polling page: 0x000001c8bcee0000

Metaspace:

Usage:
  Non-class:     16.12 MB capacity,    15.82 MB ( 98%) used,   281.56 KB (  2%) free+waste,    24.00 KB ( <1%) overhead. 
      Class:      2.04 MB capacity,     1.91 MB ( 94%) used,   125.58 KB (  6%) free+waste,     9.94 KB ( <1%) overhead. 
       Both:     18.16 MB capacity,    17.73 MB ( 98%) used,   407.14 KB (  2%) free+waste,    33.94 KB ( <1%) overhead. 

Virtual space:
  Non-class space:       18.00 MB reserved,      16.25 MB ( 90%) committed 
      Class space:        1.00 GB reserved,       2.12 MB ( <1%) committed 
             Both:        1.02 GB reserved,      18.38 MB (  2%) committed 

Chunk freelists:
   Non-Class:  3.00 KB
       Class:  0 bytes
        Both:  3.00 KB

MaxMetaspaceSize: 17179869184.00 GB
CompressedClassSpaceSize: 1.00 GB

CodeHeap 'non-profiled nmethods': size=120000Kb used=1451Kb max_used=1451Kb free=118548Kb
 bounds [0x000001c8cd410000, 0x000001c8cd680000, 0x000001c8d4940000]
CodeHeap 'profiled nmethods': size=120000Kb used=7310Kb max_used=7310Kb free=112689Kb
 bounds [0x000001c8c5ee0000, 0x000001c8c6610000, 0x000001c8cd410000]
CodeHeap 'non-nmethods': size=5760Kb used=1220Kb max_used=1295Kb free=4539Kb
 bounds [0x000001c8c5940000, 0x000001c8c5bb0000, 0x000001c8c5ee0000]
 total_blobs=4046 nmethods=3559 adapters=399
 compilation: enabled
              stopped_count=0, restarted_count=0
 full_count=0

Compilation events (20 events):
Event: 5.858 Thread 0x000001c8dc1e8f20 nmethod 3512 0x000001c8c65d8110 code [0x000001c8c65d83e0, 0x000001c8c65d9198]
Event: 5.858 Thread 0x000001c8dc1e8f20 3513       3       com.sun.tools.javac.util.Context::get (10 bytes)
Event: 5.858 Thread 0x000001c8dc1e8f20 nmethod 3513 0x000001c8c65d9790 code [0x000001c8c65d9940, 0x000001c8c65d9ad8]
Event: 5.858 Thread 0x000001c8dc1e8f20 3514       3       lombok.core.configuration.BubblingConfigurationResolver::resolve (429 bytes)
Event: 5.862 Thread 0x000001c8dc1e8f20 nmethod 3514 0x000001c8c65d9b90 code [0x000001c8c65da0e0, 0x000001c8c65dd458]
Event: 5.871 Thread 0x000001c8dc1e8f20 3517       3       java.util.WeakHashMap::<init> (133 bytes)
Event: 5.873 Thread 0x000001c8de3de380 nmethod 3509% 0x000001c8cd577c10 code [0x000001c8cd577dc0, 0x000001c8cd578668]
Event: 5.873 Thread 0x000001c8de3de380 3467       4       java.util.ArrayList::addAll (76 bytes)
Event: 5.873 Thread 0x000001c8dc1e8f20 nmethod 3517 0x000001c8c65de310 code [0x000001c8c65de660, 0x000001c8c65dfb68]
Event: 5.874 Thread 0x000001c8dc1e8f20 3516       3       java.util.WeakHashMap::<init> (9 bytes)
Event: 5.874 Thread 0x000001c8dc1e8f20 nmethod 3516 0x000001c8c65e0210 code [0x000001c8c65e03e0, 0x000001c8c65e0528]
Event: 5.885 Thread 0x000001c8de3de380 nmethod 3467 0x000001c8cd578990 code [0x000001c8cd578b20, 0x000001c8cd579398]
Event: 5.885 Thread 0x000001c8de3de380 3482       4       lombok.core.AST::buildWithField (21 bytes)
Event: 5.900 Thread 0x000001c8dc1e8f20 3518       3       java.util.LinkedHashMap::afterNodeInsertion (40 bytes)
Event: 5.900 Thread 0x000001c8dc1e8f20 nmethod 3518 0x000001c8c65e0610 code [0x000001c8c65e07c0, 0x000001c8c65e0998]
Event: 5.902 Thread 0x000001c8dc1e8f20 3519       3       jdk.internal.org.objectweb.asm.Frame::getInputStackSize (6 bytes)
Event: 5.902 Thread 0x000001c8dc1e8f20 nmethod 3519 0x000001c8c65e0a90 code [0x000001c8c65e0c20, 0x000001c8c65e0d38]
Event: 5.911 Thread 0x000001c8dc1e8f20 3520       1       lombok.javac.JavacTreeMaker$MethodId::access$2 (5 bytes)
Event: 5.911 Thread 0x000001c8dc1e8f20 nmethod 3520 0x000001c8cd579690 code [0x000001c8cd579820, 0x000001c8cd5798b8]
Event: 5.917 Thread 0x000001c8dc1e8f20 3521       3       java.net.URI::percentNormalizedComparison (221 bytes)

GC Heap History (6 events):
Event: 0.797 GC heap before
{Heap before GC invocations=0 (full 0):
 garbage-first heap   total 129024K, used 23552K [0x0000000082400000, 0x0000000100000000)
  region size 1024K, 23 young (23552K), 0 survivors (0K)
 Metaspace       used 5041K, capacity 6378K, committed 6528K, reserved 1056768K
  class space    used 484K, capacity 626K, committed 640K, reserved 1048576K
}
Event: 0.805 GC heap after
{Heap after GC invocations=1 (full 0):
 garbage-first heap   total 129024K, used 3464K [0x0000000082400000, 0x0000000100000000)
  region size 1024K, 3 young (3072K), 3 survivors (3072K)
 Metaspace       used 5041K, capacity 6378K, committed 6528K, reserved 1056768K
  class space    used 484K, capacity 626K, committed 640K, reserved 1048576K
}
Event: 3.260 GC heap before
{Heap before GC invocations=1 (full 0):
 garbage-first heap   total 129024K, used 34184K [0x0000000082400000, 0x0000000100000000)
  region size 1024K, 33 young (33792K), 3 survivors (3072K)
 Metaspace       used 14895K, capacity 15303K, committed 15360K, reserved 1062912K
  class space    used 1610K, capacity 1742K, committed 1792K, reserved 1048576K
}
Event: 3.283 GC heap after
{Heap after GC invocations=2 (full 0):
 garbage-first heap   total 129024K, used 9647K [0x0000000082400000, 0x0000000100000000)
  region size 1024K, 5 young (5120K), 5 survivors (5120K)
 Metaspace       used 14895K, capacity 15303K, committed 15360K, reserved 1062912K
  class space    used 1610K, capacity 1742K, committed 1792K, reserved 1048576K
}
Event: 5.409 GC heap before
{Heap before GC invocations=2 (full 0):
 garbage-first heap   total 129024K, used 49583K [0x0000000082400000, 0x0000000100000000)
  region size 1024K, 44 young (45056K), 5 survivors (5120K)
 Metaspace       used 17198K, capacity 17704K, committed 17920K, reserved 1064960K
  class space    used 1853K, capacity 2010K, committed 2048K, reserved 1048576K
}
Event: 5.432 GC heap after
{Heap after GC invocations=3 (full 0):
 garbage-first heap   total 129024K, used 13854K [0x0000000082400000, 0x0000000100000000)
  region size 1024K, 4 young (4096K), 4 survivors (4096K)
 Metaspace       used 17198K, capacity 17704K, committed 17920K, reserved 1064960K
  class space    used 1853K, capacity 2010K, committed 2048K, reserved 1048576K
}

Deoptimization events (20 events):
Event: 5.476 Thread 0x000001c8bd700ad0 DEOPT PACKING pc=0x000001c8c62a3f59 sp=0x00000081ff6fbeb0
Event: 5.476 Thread 0x000001c8bd700ad0 DEOPT UNPACKING pc=0x000001c8c598e23f sp=0x00000081ff6fb3a8 mode 0
Event: 5.646 Thread 0x000001c8bd700ad0 Uncommon trap: trap_request=0xffffff45 fr.pc=0x000001c8cd5680d4 relative=0x0000000000000214
Event: 5.646 Thread 0x000001c8bd700ad0 Uncommon trap: reason=unstable_if action=reinterpret pc=0x000001c8cd5680d4 method=java.net.URI$Parser.scan(IILjava/lang/String;)I @ 26 c2
Event: 5.646 Thread 0x000001c8bd700ad0 DEOPT PACKING pc=0x000001c8cd5680d4 sp=0x00000081ff6fc8e0
Event: 5.647 Thread 0x000001c8bd700ad0 DEOPT UNPACKING pc=0x000001c8c598e42f sp=0x00000081ff6fc870 mode 2
Event: 5.665 Thread 0x000001c8bd700ad0 DEOPT PACKING pc=0x000001c8c65358d4 sp=0x00000081ff6fc370
Event: 5.665 Thread 0x000001c8bd700ad0 DEOPT UNPACKING pc=0x000001c8c598e23f sp=0x00000081ff6fb888 mode 0
Event: 5.756 Thread 0x000001c8bd700ad0 DEOPT PACKING pc=0x000001c8c6572e59 sp=0x00000081ff6fd0e0
Event: 5.756 Thread 0x000001c8bd700ad0 DEOPT UNPACKING pc=0x000001c8c598e23f sp=0x00000081ff6fc5d8 mode 0
Event: 5.760 Thread 0x000001c8bd700ad0 Uncommon trap: trap_request=0xffffffcc fr.pc=0x000001c8cd56d1e4 relative=0x00000000000001c4
Event: 5.760 Thread 0x000001c8bd700ad0 Uncommon trap: reason=intrinsic_or_type_checked_inlining action=make_not_entrant pc=0x000001c8cd56d1e4 method=java.util.Arrays.copyOf([Ljava/lang/Object;ILjava/lang/Class;)[Ljava/lang/Object; @ 35 c2
Event: 5.760 Thread 0x000001c8bd700ad0 DEOPT PACKING pc=0x000001c8cd56d1e4 sp=0x00000081ff6fc790
Event: 5.760 Thread 0x000001c8bd700ad0 DEOPT UNPACKING pc=0x000001c8c598e42f sp=0x00000081ff6fc720 mode 2
Event: 5.839 Thread 0x000001c8bd700ad0 DEOPT PACKING pc=0x000001c8c6572e59 sp=0x00000081ff6fd0e0
Event: 5.839 Thread 0x000001c8bd700ad0 DEOPT UNPACKING pc=0x000001c8c598e23f sp=0x00000081ff6fc5d8 mode 0
Event: 5.870 Thread 0x000001c8bd700ad0 Uncommon trap: trap_request=0xffffff45 fr.pc=0x000001c8cd4b6240 relative=0x0000000000000220
Event: 5.870 Thread 0x000001c8bd700ad0 Uncommon trap: reason=unstable_if action=reinterpret pc=0x000001c8cd4b6240 method=java.lang.String.regionMatches(ILjava/lang/String;II)Z @ 32 c2
Event: 5.870 Thread 0x000001c8bd700ad0 DEOPT PACKING pc=0x000001c8cd4b6240 sp=0x00000081ff6fb4a0
Event: 5.870 Thread 0x000001c8bd700ad0 DEOPT UNPACKING pc=0x000001c8c598e42f sp=0x00000081ff6fb420 mode 2

Classes unloaded (0 events):
No events

Classes redefined (0 events):
No events

Internal exceptions (20 events):
Event: 4.048 Thread 0x000001c8bd700ad0 Exception <a 'sun/nio/fs/WindowsException'{0x00000000895e0a10}> (0x00000000895e0a10) 
thrown [./open/src/hotspot/share/prims/jni.cpp, line 578]
Event: 4.052 Thread 0x000001c8bd700ad0 Exception <a 'sun/nio/fs/WindowsException'{0x00000000895e1858}> (0x00000000895e1858) 
thrown [./open/src/hotspot/share/prims/jni.cpp, line 578]
Event: 4.052 Thread 0x000001c8bd700ad0 Exception <a 'sun/nio/fs/WindowsException'{0x00000000895e1ac8}> (0x00000000895e1ac8) 
thrown [./open/src/hotspot/share/prims/jni.cpp, line 578]
Event: 4.052 Thread 0x000001c8bd700ad0 Exception <a 'sun/nio/fs/WindowsException'{0x00000000895e2f40}> (0x00000000895e2f40) 
thrown [./open/src/hotspot/share/prims/jni.cpp, line 578]
Event: 4.052 Thread 0x000001c8bd700ad0 Exception <a 'sun/nio/fs/WindowsException'{0x00000000895e31c0}> (0x00000000895e31c0) 
thrown [./open/src/hotspot/share/prims/jni.cpp, line 578]
Event: 4.054 Thread 0x000001c8bd700ad0 Exception <a 'sun/nio/fs/WindowsException'{0x00000000895e4d10}> (0x00000000895e4d10) 
thrown [./open/src/hotspot/share/prims/jni.cpp, line 578]
Event: 4.055 Thread 0x000001c8bd700ad0 Exception <a 'sun/nio/fs/WindowsException'{0x00000000895e5050}> (0x00000000895e5050) 
thrown [./open/src/hotspot/share/prims/jni.cpp, line 578]
Event: 4.055 Thread 0x000001c8bd700ad0 Exception <a 'sun/nio/fs/WindowsException'{0x00000000895e5ee0}> (0x00000000895e5ee0) 
thrown [./open/src/hotspot/share/prims/jni.cpp, line 578]
Event: 4.055 Thread 0x000001c8bd700ad0 Exception <a 'sun/nio/fs/WindowsException'{0x00000000895e61a0}> (0x00000000895e61a0) 
thrown [./open/src/hotspot/share/prims/jni.cpp, line 578]
Event: 4.057 Thread 0x000001c8bd700ad0 Exception <a 'sun/nio/fs/WindowsException'{0x00000000895e99e0}> (0x00000000895e99e0) 
thrown [./open/src/hotspot/share/prims/jni.cpp, line 578]
Event: 4.057 Thread 0x000001c8bd700ad0 Exception <a 'sun/nio/fs/WindowsException'{0x00000000895e9cb0}> (0x00000000895e9cb0) 
thrown [./open/src/hotspot/share/prims/jni.cpp, line 578]
Event: 4.061 Thread 0x000001c8bd700ad0 Exception <a 'java/lang/NoSuchMethodError'{0x00000000895ece40}: 'java.lang.Object java.lang.invoke.DirectMethodHandle$Holder.invokeStatic(java.lang.Object, java.lang.Object, int, int)'> (0x00000000895ece40) 
thrown [./open/src/hotspot/share/interpreter/linkResolver.cpp, line 782]
Event: 4.122 Thread 0x000001c8bd700ad0 Exception <a 'sun/nio/fs/WindowsException'{0x00000000894796d0}> (0x00000000894796d0) 
thrown [./open/src/hotspot/share/prims/jni.cpp, line 578]
Event: 4.122 Thread 0x000001c8bd700ad0 Exception <a 'sun/nio/fs/WindowsException'{0x00000000894799a0}> (0x00000000894799a0) 
thrown [./open/src/hotspot/share/prims/jni.cpp, line 578]
Event: 4.123 Thread 0x000001c8bd700ad0 Exception <a 'sun/nio/fs/WindowsException'{0x000000008947ad20}> (0x000000008947ad20) 
thrown [./open/src/hotspot/share/prims/jni.cpp, line 578]
Event: 4.123 Thread 0x000001c8bd700ad0 Exception <a 'sun/nio/fs/WindowsException'{0x000000008947af80}> (0x000000008947af80) 
thrown [./open/src/hotspot/share/prims/jni.cpp, line 578]
Event: 4.129 Thread 0x000001c8bd700ad0 Exception <a 'sun/nio/fs/WindowsException'{0x00000000894ce028}> (0x00000000894ce028) 
thrown [./open/src/hotspot/share/prims/jni.cpp, line 578]
Event: 4.130 Thread 0x000001c8bd700ad0 Exception <a 'sun/nio/fs/WindowsException'{0x00000000894ce298}> (0x00000000894ce298) 
thrown [./open/src/hotspot/share/prims/jni.cpp, line 578]
Event: 4.151 Thread 0x000001c8bd700ad0 Exception <a 'java/lang/NoSuchMethodError'{0x00000000894f4ed0}: 'void java.lang.invoke.DirectMethodHandle$Holder.invokeSpecial(java.lang.Object, java.lang.Object, java.lang.Object, java.lang.Object, java.lang.Object)'> (0x00000000894f4ed0) 
thrown [./open/src/hotspot/share/interpreter/linkResolver.cpp, line 782]
Event: 4.452 Thread 0x000001c8bd700ad0 Implicit null exception at 0x000001c8cd4e04f1 to 0x000001c8cd4e06f4

Events (20 events):
Event: 5.639 loading class java/util/IdentityHashMap$EntryIterator
Event: 5.639 loading class java/util/IdentityHashMap$EntryIterator done
Event: 5.639 loading class java/util/IdentityHashMap$EntryIterator$Entry
Event: 5.639 loading class java/util/IdentityHashMap$EntryIterator$Entry done
Event: 5.663 loading class java/util/regex/Pattern$BnM
Event: 5.664 loading class java/util/regex/Pattern$BnM done
Event: 5.664 loading class java/util/regex/Pattern$SliceS
Event: 5.664 loading class java/util/regex/Pattern$SliceS done
Event: 5.664 Executing VM operation: HandshakeAllThreads
Event: 5.665 Executing VM operation: HandshakeAllThreads done
Event: 5.683 loading class java/util/Collections$UnmodifiableMap$UnmodifiableEntrySet
Event: 5.683 loading class java/util/Collections$UnmodifiableMap$UnmodifiableEntrySet done
Event: 5.683 loading class java/util/Collections$UnmodifiableMap$UnmodifiableEntrySet$1
Event: 5.683 loading class java/util/Collections$UnmodifiableMap$UnmodifiableEntrySet$1 done
Event: 5.683 loading class java/util/Collections$UnmodifiableMap$UnmodifiableEntrySet$UnmodifiableEntry
Event: 5.683 loading class java/util/Collections$UnmodifiableMap$UnmodifiableEntrySet$UnmodifiableEntry done
Event: 5.704 loading class sun/reflect/generics/repository/FieldRepository
Event: 5.704 loading class sun/reflect/generics/repository/FieldRepository done
Event: 5.881 loading class java/util/regex/Pattern$SliceI
Event: 5.881 loading class java/util/regex/Pattern$SliceI done


Dynamic libraries:
0x00007ff612000000 - 0x00007ff61200f000 	C:\Program Files\Java\jdk-15.0.1\bin\java.exe
0x00007ffa47930000 - 0x00007ffa47b25000 	C:\WINDOWS\SYSTEM32\ntdll.dll
0x00007ffa46f40000 - 0x00007ffa46ffd000 	C:\WINDOWS\System32\KERNEL32.DLL
0x00007ffa453c0000 - 0x00007ffa45688000 	C:\WINDOWS\System32\KERNELBASE.dll
0x00007ffa45180000 - 0x00007ffa45280000 	C:\WINDOWS\System32\ucrtbase.dll
0x00007ffa38340000 - 0x00007ffa38358000 	C:\Program Files\Java\jdk-15.0.1\bin\jli.dll
0x00007ffa380c0000 - 0x00007ffa380d9000 	C:\Program Files\Java\jdk-15.0.1\bin\VCRUNTIME140.dll
0x00007ffa46710000 - 0x00007ffa467bc000 	C:\WINDOWS\System32\ADVAPI32.dll
0x00007ffa46960000 - 0x00007ffa469fe000 	C:\WINDOWS\System32\msvcrt.dll
0x00007ffa475b0000 - 0x00007ffa4764b000 	C:\WINDOWS\System32\sechost.dll
0x00007ffa47480000 - 0x00007ffa475ab000 	C:\WINDOWS\System32\RPCRT4.dll
0x00007ffa46510000 - 0x00007ffa466b0000 	C:\WINDOWS\System32\USER32.dll
0x00007ffa2f6c0000 - 0x00007ffa2f95a000 	C:\WINDOWS\WinSxS\amd64_microsoft.windows.common-controls_6595b64144ccf1df_6.0.19041.1052_none_60b8f8fd71f5e8cb\COMCTL32.dll
0x00007ffa45390000 - 0x00007ffa453b2000 	C:\WINDOWS\System32\win32u.dll
0x00007ffa46d60000 - 0x00007ffa46d8a000 	C:\WINDOWS\System32\GDI32.dll
0x00007ffa45280000 - 0x00007ffa4538b000 	C:\WINDOWS\System32\gdi32full.dll
0x00007ffa457f0000 - 0x00007ffa4588d000 	C:\WINDOWS\System32\msvcp_win.dll
0x00007ffa3d700000 - 0x00007ffa3d70a000 	C:\WINDOWS\SYSTEM32\VERSION.dll
0x00007ffa45d80000 - 0x00007ffa45db0000 	C:\WINDOWS\System32\IMM32.DLL
0x00007ffa3e9a0000 - 0x00007ffa3e9ac000 	C:\Program Files\Java\jdk-15.0.1\bin\vcruntime140_1.dll
0x00007ffa09660000 - 0x00007ffa096f1000 	C:\Program Files\Java\jdk-15.0.1\bin\msvcp140.dll
0x00007ff9e3490000 - 0x00007ff9e3fee000 	C:\Program Files\Java\jdk-15.0.1\bin\server\jvm.dll
0x00007ffa47470000 - 0x00007ffa47478000 	C:\WINDOWS\System32\PSAPI.DLL
0x00007ffa34d30000 - 0x00007ffa34d39000 	C:\WINDOWS\SYSTEM32\WSOCK32.dll
0x00007ffa30340000 - 0x00007ffa30367000 	C:\WINDOWS\SYSTEM32\WINMM.dll
0x00007ffa47650000 - 0x00007ffa476bb000 	C:\WINDOWS\System32\WS2_32.dll
0x00007ffa43990000 - 0x00007ffa439a2000 	C:\WINDOWS\SYSTEM32\kernel.appcore.dll
0x00007ffa3e3b0000 - 0x00007ffa3e3ba000 	C:\Program Files\Java\jdk-15.0.1\bin\jimage.dll
0x00007ffa43660000 - 0x00007ffa43844000 	C:\WINDOWS\SYSTEM32\DBGHELP.DLL
0x00007ffa26480000 - 0x00007ffa264ac000 	C:\WINDOWS\SYSTEM32\dbgcore.DLL
0x00007ffa45070000 - 0x00007ffa450f3000 	C:\WINDOWS\System32\bcryptPrimitives.dll
0x00007ffa346d0000 - 0x00007ffa346f5000 	C:\Program Files\Java\jdk-15.0.1\bin\java.dll
0x00007ffa45db0000 - 0x00007ffa464ef000 	C:\WINDOWS\System32\SHELL32.dll
0x00007ffa42ec0000 - 0x00007ffa43650000 	C:\WINDOWS\SYSTEM32\windows.storage.dll
0x00007ffa46a00000 - 0x00007ffa46d55000 	C:\WINDOWS\System32\combase.dll
0x00007ffa44ae0000 - 0x00007ffa44b0c000 	C:\WINDOWS\SYSTEM32\Wldp.dll
0x00007ffa45b30000 - 0x00007ffa45bde000 	C:\WINDOWS\System32\SHCORE.dll
0x00007ffa45bf0000 - 0x00007ffa45c45000 	C:\WINDOWS\System32\shlwapi.dll
0x00007ffa44fb0000 - 0x00007ffa44fcf000 	C:\WINDOWS\SYSTEM32\profapi.dll
0x00007ffa38050000 - 0x00007ffa38069000 	C:\Program Files\Java\jdk-15.0.1\bin\net.dll
0x00007ffa3a990000 - 0x00007ffa3aa9b000 	C:\WINDOWS\SYSTEM32\WINHTTP.dll
0x00007ffa44850000 - 0x00007ffa448ba000 	C:\WINDOWS\system32\mswsock.dll
0x00007ffa349e0000 - 0x00007ffa349f2000 	C:\Program Files\Java\jdk-15.0.1\bin\nio.dll
0x00007ffa328b0000 - 0x00007ffa328c8000 	C:\Program Files\Java\jdk-15.0.1\bin\zip.dll
0x00007ffa44530000 - 0x00007ffa445fc000 	C:\WINDOWS\SYSTEM32\DNSAPI.dll
0x00007ffa444f0000 - 0x00007ffa4452b000 	C:\WINDOWS\SYSTEM32\IPHLPAPI.DLL
0x00007ffa45be0000 - 0x00007ffa45be8000 	C:\WINDOWS\System32\NSI.dll
0x00007ffa30380000 - 0x00007ffa3038a000 	C:\Windows\System32\rasadhlp.dll
0x00007ffa31300000 - 0x00007ffa3137f000 	C:\WINDOWS\System32\fwpuclnt.dll
0x00007ffa45150000 - 0x00007ffa45177000 	C:\WINDOWS\System32\bcrypt.dll
0x00007ffa32f10000 - 0x00007ffa330fc000 	C:\WINDOWS\system32\urlmon.dll
0x00007ffa33650000 - 0x00007ffa33900000 	C:\WINDOWS\SYSTEM32\iertutil.dll
0x00007ffa34c20000 - 0x00007ffa34c30000 	C:\Program Files\Java\jdk-15.0.1\bin\verify.dll

dbghelp: loaded successfully - version: 4.0.5 - missing functions: none
symbol engine: initialized successfully - sym options: 0x614 - pdb path: .;C:\Program Files\Java\jdk-15.0.1\bin;C:\WINDOWS\SYSTEM32;C:\WINDOWS\WinSxS\amd64_microsoft.windows.common-controls_6595b64144ccf1df_6.0.19041.1052_none_60b8f8fd71f5e8cb;C:\Program Files\Java\jdk-15.0.1\bin\server

VM Arguments:
jvm_args: -Dant.home=C:\apps\apache-ant-1.10.9\bin\.. 
java_command: org.apache.tools.ant.launch.Launcher gas
java_class_path (initial): C:\apps\apache-ant-1.10.9\bin\..\lib\ant-launcher.jar
Launcher Type: SUN_STANDARD

[Global flags]
     intx CICompilerCount                          = 4                                         {product} {ergonomic}
     uint ConcGCThreads                            = 2                                         {product} {ergonomic}
     uint G1ConcRefinementThreads                  = 8                                         {product} {ergonomic}
   size_t G1HeapRegionSize                         = 1048576                                   {product} {ergonomic}
    uintx GCDrainStackTargetSize                   = 64                                        {product} {ergonomic}
   size_t InitialHeapSize                          = 132120576                                 {product} {ergonomic}
   size_t MarkStackSize                            = 4194304                                   {product} {ergonomic}
   size_t MaxHeapSize                              = 2109734912                                {product} {ergonomic}
   size_t MaxNewSize                               = 1265631232                                {product} {ergonomic}
   size_t MinHeapDeltaBytes                        = 1048576                                   {product} {ergonomic}
   size_t MinHeapSize                              = 8388608                                   {product} {ergonomic}
    uintx NonNMethodCodeHeapSize                   = 5839372                                {pd product} {ergonomic}
    uintx NonProfiledCodeHeapSize                  = 122909434                              {pd product} {ergonomic}
    uintx ProfiledCodeHeapSize                     = 122909434                              {pd product} {ergonomic}
    uintx ReservedCodeCacheSize                    = 251658240                              {pd product} {ergonomic}
     bool SegmentedCodeCache                       = true                                      {product} {ergonomic}
   size_t SoftMaxHeapSize                          = 2109734912                             {manageable} {ergonomic}
     bool UseCompressedClassPointers               = true                                 {lp64_product} {ergonomic}
     bool UseCompressedOops                        = true                                 {lp64_product} {ergonomic}
     bool UseG1GC                                  = true                                      {product} {ergonomic}
     bool UseLargePagesIndividualAllocation        = false                                  {pd product} {ergonomic}

Logging:
Log output configuration:
 #0: stdout all=warning uptime,level,tags
 #1: stderr all=off uptime,level,tags

Environment Variables:
JAVA_HOME=C:\Program Files\Java\jdk-15.0.1\
PATH=C:\Program Files\Common Files\Oracle\Java\javapath;C:\Windows\system32;C:\Windows;C:\Windows\System32\Wbem;C:\Windows\System32\WindowsPowerShell\v1.0\;C:\Windows\System32\OpenSSH\;C:\Program Files (x86)\NVIDIA Corporation\PhysX\Common;C:\Program Files\Intel\WiFi\bin\;C:\Program Files\Common Files\Intel\WirelessCommon\;C:\WINDOWS\system32;C:\WINDOWS;C:\WINDOWS\System32\Wbem;C:\WINDOWS\System32\WindowsPowerShell\v1.0\;C:\WINDOWS\System32\OpenSSH\;C:\Program Files\Java\jdk-15.0.1\bin;C:\apps\apache-ant-1.10.9\bin;C:\Program Files (x86)\Microsoft SQL Server\150\Tools\Binn\;C:\Program Files\Microsoft SQL Server\150\Tools\Binn\;C:\Program Files (x86)\Microsoft SQL Server\150\DTS\Binn\;C:\Program Files\Microsoft SQL Server\150\DTS\Binn\;C:\Program Files\Microsoft SQL Server\Client SDK\ODBC\170\Tools\Binn\;C:\Program Files\Azure Data Studio\bin;C:\Program Files\Git\cmd;C:\Users\ASUS\AppData\Local\Programs\Python\Python39\Scripts\;C:\Users\ASUS\AppData\Local\Programs\Python\Python39\;C:\Program Files\aircrack-ng-1.6-win\bin;C:\Users\ASUS\AppData\Local\Programs\Microsoft VS Code\bin;C:\Users\ASUS\AppData\Local\GitHubDesktop\bin
USERNAME=ASUS
LANG=en_US.UTF-8
OS=Windows_NT
PROCESSOR_IDENTIFIER=Intel64 Family 6 Model 142 Stepping 11, GenuineIntel



---------------  S Y S T E M  ---------------

OS:
 Windows 10 , 64 bit Build 19041 (10.0.19041.1023)
OS uptime: 17 days 2:21 hours

CPU: total 8 (initial active 8) (4 cores per cpu, 2 threads per core) family 6 model 142 stepping 11 microcode 0xde, cmov, cx8, fxsr, mmx, sse, sse2, sse3, ssse3, sse4.1, sse4.2, popcnt, vzeroupper, avx, avx2, aes, clmul, erms, 3dnowpref, lzcnt, ht, tsc, tscinvbit, bmi1, bmi2, adx, fma, clflush, clflushopt

Memory: 4k page, system-wide physical 8043M (476M free)
TotalPageFile size 32096M (AvailPageFile size 2M)
current process WorkingSet (physical memory assigned to process): 158M, peak: 158M
current process commit charge ("private bytes"): 266M, peak: 273M

vm_info: Java HotSpot(TM) 64-Bit Server VM (15.0.1+9-18) for windows-amd64 JRE (15.0.1+9-18), built on Sep 15 2020 14:43:54 by "mach5one" with unknown MS VC++:1925

END.
